[02Apr2025 00:03:49.813] [Server thread/INFO] [net.minecraft.server.MinecraftServer/]: warrior898111 fell from a high place
[02Apr2025 00:09:09.153] [Server thread/INFO] [net.minecraft.world.entity.npc.Villager/]: Villager Villager['Nitwit'/76348, l='ServerLevel[Mundo nuevo]', x=1094.25, y=107.84, z=812.49] died, message: 'Nitwit was slain by Zombie'
[02Apr2025 00:19:52.269] [Server thread/INFO] [net.minecraft.server.MinecraftServer/]: warrior898111 fell from a high place
[02Apr2025 00:39:13.118] [Server thread/INFO] [net.minecraft.server.MinecraftServer/]: [warrior898111: Set own game mode to Creative Mode]
[02Apr2025 00:40:20.570] [Server thread/INFO] [net.minecraft.server.MinecraftServer/]: [warrior898111: Set own game mode to Survival Mode]
[02Apr2025 01:04:54.696] [Server thread/INFO] [net.minecraft.server.MinecraftServer/]: [warrior898111: Set the time to 1000]
[02Apr2025 01:11:47.225] [Server thread/INFO] [net.minecraft.server.MinecraftServer/]: [warrior898111: Set own game mode to Creative Mode]
[02Apr2025 01:12:33.103] [Server thread/INFO] [net.minecraft.server.MinecraftServer/]: [warrior898111: Set the time to 6000]
[02Apr2025 01:12:46.016] [Server thread/INFO] [net.minecraft.server.MinecraftServer/]: [warrior898111: Set the time to 18000]
[02Apr2025 01:15:25.796] [Server thread/INFO] [net.minecraft.server.MinecraftServer/]: [warrior898111: Set the time to 1000]
[02Apr2025 01:15:32.100] [Server thread/INFO] [net.minecraft.server.MinecraftServer/]: [warrior898111: Set own game mode to Survival Mode]
[02Apr2025 01:16:41.556] [Server thread/INFO] [net.minecraft.server.MinecraftServer/]: [warrior898111: Set own game mode to Creative Mode]
[02Apr2025 01:17:17.453] [Server thread/INFO] [net.minecraft.server.MinecraftServer/]: [warrior898111: Set own game mode to Survival Mode]
[02Apr2025 01:19:16.105] [Server thread/INFO] [net.minecraft.server.MinecraftServer/]: [warrior898111: Set own game mode to Creative Mode]
[02Apr2025 01:19:36.448] [Server thread/INFO] [net.minecraft.server.MinecraftServer/]: [warrior898111: Set own game mode to Survival Mode]
[02Apr2025 02:24:48.824] [Server thread/ERROR] [net.minecraft.world.level.chunk.storage.EntityStorage/]: An Entity type entity.scguns.brass_bolt has thrown an exception trying to write state. It will not persist. Report this to the mod author
net.minecraft.ReportedException: Saving entity NBT
	at net.minecraft.world.entity.Entity.m_20240_(Entity.java:1683) ~[server-1.20.1-20230612.114412-srg.jar%23203!/:?]
	at net.minecraft.world.entity.Entity.m_20086_(Entity.java:1588) ~[server-1.20.1-20230612.114412-srg.jar%23203!/:?]
	at net.minecraft.world.entity.Entity.m_20223_(Entity.java:1595) ~[server-1.20.1-20230612.114412-srg.jar%23203!/:?]
	at net.minecraft.world.level.chunk.storage.EntityStorage.m_156565_(EntityStorage.java:93) ~[server-1.20.1-20230612.114412-srg.jar%23203!/:?]
	at java.util.ArrayList$ArrayListSpliterator.forEachRemaining(ArrayList.java:1625) ~[?:?]
	at java.util.stream.ReferencePipeline$Head.forEach(ReferencePipeline.java:762) ~[?:?]
	at net.minecraft.world.level.chunk.storage.EntityStorage.m_141971_(EntityStorage.java:90) ~[server-1.20.1-20230612.114412-srg.jar%23203!/:?]
	at net.minecraft.world.level.entity.PersistentEntitySectionManager.m_157512_(PersistentEntitySectionManager.java:217) ~[server-1.20.1-20230612.114412-srg.jar%23203!/:?]
	at net.minecraft.world.level.entity.PersistentEntitySectionManager.m_157578_(PersistentEntitySectionManager.java:291) ~[server-1.20.1-20230612.114412-srg.jar%23203!/:?]
	at it.unimi.dsi.fastutil.longs.LongOpenHashSet.forEach(LongOpenHashSet.java:756) ~[fastutil-8.5.9.jar%2390!/:?]
	at it.unimi.dsi.fastutil.longs.LongIterable.forEach(LongIterable.java:146) ~[fastutil-8.5.9.jar%2390!/:?]
	at it.unimi.dsi.fastutil.longs.AbstractLongCollection.forEach(AbstractLongCollection.java:149) ~[fastutil-8.5.9.jar%2390!/:?]
	at net.minecraft.world.level.entity.PersistentEntitySectionManager.m_157554_(PersistentEntitySectionManager.java:286) ~[server-1.20.1-20230612.114412-srg.jar%23203!/:?]
	at net.minecraft.server.level.ServerLevel.m_8643_(ServerLevel.java:746) ~[server-1.20.1-20230612.114412-srg.jar%23203!/:?]
	at net.minecraft.server.MinecraftServer.m_129885_(MinecraftServer.java:507) ~[server-1.20.1-20230612.114412-srg.jar%23203!/:?]
	at net.minecraft.server.MinecraftServer.m_195514_(MinecraftServer.java:532) ~[server-1.20.1-20230612.114412-srg.jar%23203!/:?]
	at net.minecraft.server.MinecraftServer.m_5705_(MinecraftServer.java:824) ~[server-1.20.1-20230612.114412-srg.jar%23203!/:?]
	at net.minecraft.server.MinecraftServer.m_130011_(MinecraftServer.java:661) ~[server-1.20.1-20230612.114412-srg.jar%23203!/:?]
	at net.minecraft.server.MinecraftServer.m_206580_(MinecraftServer.java:251) ~[server-1.20.1-20230612.114412-srg.jar%23203!/:?]
	at java.lang.Thread.run(Thread.java:840) ~[?:?]
Caused by: java.lang.NullPointerException: Cannot invoke "net.minecraft.resources.ResourceLocation.toString()" because the return value of "net.minecraft.core.Registry.m_7981_(Object)" is null
	at net.minecraft.world.entity.projectile.AbstractArrow.m_7380_(AbstractArrow.java:465) ~[server-1.20.1-20230612.114412-srg.jar%23203!/:?]
	at top.ribs.scguns.entity.projectile.BrassBoltEntity.m_7380_(BrassBoltEntity.java:110) ~[ScorchedGuns-0.4.1-1.20.1.jar%23189!/:0.4.1-1.20.1]
	at net.minecraft.world.entity.Entity.m_20240_(Entity.java:1662) ~[server-1.20.1-20230612.114412-srg.jar%23203!/:?]
	... 19 more
[02Apr2025 02:26:38.453] [Server thread/INFO] [net.minecraft.server.MinecraftServer/]: warrior898111 burned to death
[02Apr2025 02:28:51.257] [Server thread/INFO] [net.minecraft.server.MinecraftServer/]: warrior898111 has made the advancement [Blade Arts -Aerial Cleave-       ]
[02Apr2025 02:33:31.669] [Server thread/WARN] [net.minecraft.server.network.ServerGamePacketListenerImpl/]: warrior898111 moved wrongly!
[02Apr2025 02:40:00.350] [Server thread/WARN] [net.minecraft.server.network.ServerGamePacketListenerImpl/]: warrior898111 moved wrongly!
[02Apr2025 02:40:00.652] [Server thread/WARN] [net.minecraft.server.network.ServerGamePacketListenerImpl/]: warrior898111 moved wrongly!
[02Apr2025 02:45:33.147] [Server thread/INFO] [net.minecraft.server.MinecraftServer/]: warrior898111 was killed by Evoker using magic
[02Apr2025 02:45:33.209] [Server thread/WARN] [net.minecraft.server.network.ServerGamePacketListenerImpl/]: warrior898111 moved wrongly!
[02Apr2025 02:46:13.815] [Server thread/WARN] [net.minecraft.server.network.ServerGamePacketListenerImpl/]: warrior898111 moved wrongly!
[02Apr2025 02:47:56.259] [Server thread/INFO] [net.minecraft.server.MinecraftServer/]: [warrior898111: Set own game mode to Creative Mode]
[02Apr2025 02:50:08.249] [Server thread/INFO] [net.minecraft.server.MinecraftServer/]: [warrior898111: Set own game mode to Survival Mode]
[02Apr2025 02:50:53.748] [Server thread/WARN] [net.minecraft.server.network.ServerGamePacketListenerImpl/]: warrior898111 moved wrongly!
[02Apr2025 02:53:29.961] [Server thread/WARN] [net.minecraft.server.network.ServerGamePacketListenerImpl/]: warrior898111 moved wrongly!
